<?xml version="1.0" encoding="UTF-8"?>
<!-- Generated by org.testng.reporters.JUnitXMLReporter -->
<testsuite ignored="0" hostname="Lakhan" failures="1" tests="2" name="Test" time="0.078" errors="0" timestamp="2022-12-25T13:46:36 IST">
  <testcase classname="TestLogin.Login2Naukari" name="Login2app" time="0.017">
    <failure type="java.lang.NullPointerException" message="Cannot invoke &amp;quot;NkLogin.LogHome.clickLoginOnHome()&amp;quot; because &amp;quot;this.LoginHome&amp;quot; is null">
      <![CDATA[java.lang.NullPointerException: Cannot invoke "NkLogin.LogHome.clickLoginOnHome()" because "this.LoginHome" is null
at TestLogin.Login2Naukari.Login2app(Login2Naukari.java:40)
at java.base/java.util.ArrayList.forEach(ArrayList.java:1511)
... Removed 25 stack frames]]>
    </failure>
  </testcase> <!-- Login2app -->
  <testcase classname="TestLogin.Login2Naukari" name="met" time="0.004"/>
</testsuite> <!-- Test -->
